============================================================
Time  2024/12/07 09:31:46 266 
============================================================
[2024/12/07 09:31:46 266] tts        811  SYS_MSG_REGCB param0 =  msp_status_cb  param1 =  func(357939b0) 
[2024/12/07 09:31:46 272] config     43   use general cloud  
[2024/12/07 09:31:46 276] tts_cloud  1438 SYS_MSG_REGCB_CLOUD param0 =   msp_status_cb  param1 =  func(357939b0) 
[2024/12/07 09:31:46 276] tts        782  TTS_MSG_SSB  
[2024/12/07 09:31:46 276] tts        434  params =  engine_type = local, voice_name = xiaoyan, text_encoding = UTF-8, tts_res_path = fo|res\tts\xiaoyan.jet;fo|res\tts\common.jet, sample_rate = 16000, speed = 50, volume = 50, pitch = 50, rdn = 2  
[2024/12/07 09:31:46 276] tts        273  auf=audio/L16;rate=16000  
[2024/12/07 09:31:46 276] tts        273  auf=audio/L16;rate=16000  
[2024/12/07 09:31:46 276] tts        471  ssb|use local  
[2024/12/07 09:31:46 276] tts        385  local_session_begin  
[2024/12/07 09:31:46 278] tts        789  TTS_MSG_SYN  0  
[2024/12/07 09:31:46 278] tts        514  synth|use local  
[2024/12/07 09:31:46 279] tts        792  TTS_MSG_GETAUDIO  0  
[2024/12/07 09:31:46 279] tts        557  get audio|use local  
[2024/12/07 09:31:46 279] tts        599  0  nil  1  
[2024/12/07 09:31:46 279] tts        792  TTS_MSG_GETAUDIO  0  
[2024/12/07 09:31:46 279] tts        557  get audio|use local  
[2024/12/07 09:31:46 279] tts        599  0  nil  1  
[2024/12/07 09:31:46 279] tts        792  TTS_MSG_GETAUDIO  0  
[2024/12/07 09:31:46 279] tts        557  get audio|use local  
[2024/12/07 09:31:46 279] tts        599  0  nil  1  
[2024/12/07 09:31:46 280] tts        792  TTS_MSG_GETAUDIO  0  
[2024/12/07 09:31:46 280] tts        557  get audio|use local  
[2024/12/07 09:31:46 280] tts        599  0  nil  1  
[2024/12/07 09:31:46 280] tts        792  TTS_MSG_GETAUDIO  0  
[2024/12/07 09:31:46 280] tts        557  get audio|use local  
[2024/12/07 09:31:46 280] tts        599  0  nil  1  
[2024/12/07 09:31:46 282] tts        792  TTS_MSG_GETAUDIO  0  
[2024/12/07 09:31:46 282] tts        557  get audio|use local  
[2024/12/07 09:31:46 282] tts        599  0  nil  1  
[2024/12/07 09:31:46 282] tts        792  TTS_MSG_GETAUDIO  0  
[2024/12/07 09:31:46 282] tts        557  get audio|use local  
[2024/12/07 09:31:46 282] tts        599  0  nil  1  
[2024/12/07 09:31:46 282] tts        792  TTS_MSG_GETAUDIO  0  
[2024/12/07 09:31:46 282] tts        557  get audio|use local  
[2024/12/07 09:31:46 282] tts        599  0  nil  1  
[2024/12/07 09:31:46 282] tts        792  TTS_MSG_GETAUDIO  0  
[2024/12/07 09:31:46 282] tts        557  get audio|use local  
[2024/12/07 09:31:46 282] tts        599  0  nil  1  
[2024/12/07 09:31:46 283] tts        792  TTS_MSG_GETAUDIO  0  
[2024/12/07 09:31:46 283] tts        557  get audio|use local  
[2024/12/07 09:31:46 283] tts        599  0  nil  1  
[2024/12/07 09:31:46 283] tts        792  TTS_MSG_GETAUDIO  0  
[2024/12/07 09:31:46 283] tts        557  get audio|use local  
[2024/12/07 09:31:46 283] tts        599  0  nil  1  
[2024/12/07 09:31:46 283] tts        792  TTS_MSG_GETAUDIO  0  
[2024/12/07 09:31:46 285] tts        557  get audio|use local  
[2024/12/07 09:31:46 285] tts        599  0  nil  1  
[2024/12/07 09:31:46 285] tts        792  TTS_MSG_GETAUDIO  0  
[2024/12/07 09:31:46 285] tts        557  get audio|use local  
[2024/12/07 09:31:46 285] tts        599  0  nil  1  
[2024/12/07 09:31:46 285] tts        792  TTS_MSG_GETAUDIO  0  
[2024/12/07 09:31:46 285] tts        557  get audio|use local  
[2024/12/07 09:31:46 286] tts        599  0  nil  1  
[2024/12/07 09:31:46 286] tts        792  TTS_MSG_GETAUDIO  0  
[2024/12/07 09:31:46 286] tts        557  get audio|use local  
[2024/12/07 09:31:46 286] tts        599  0  nil  1  
[2024/12/07 09:31:46 286] tts        792  TTS_MSG_GETAUDIO  0  
[2024/12/07 09:31:46 286] tts        557  get audio|use local  
[2024/12/07 09:31:46 286] tts        599  0  nil  1  
[2024/12/07 09:31:46 288] tts        792  TTS_MSG_GETAUDIO  0  
[2024/12/07 09:31:46 288] tts        557  get audio|use local  
[2024/12/07 09:31:46 288] tts        599  0  nil  1  
[2024/12/07 09:31:46 288] tts        792  TTS_MSG_GETAUDIO  0  
[2024/12/07 09:31:46 289] tts        557  get audio|use local  
[2024/12/07 09:31:46 289] tts        599  0  nil  1  
[2024/12/07 09:31:46 289] tts        792  TTS_MSG_GETAUDIO  0  
[2024/12/07 09:31:46 289] tts        557  get audio|use local  
[2024/12/07 09:31:46 289] tts        599  0  nil  1  
[2024/12/07 09:31:46 289] tts        792  TTS_MSG_GETAUDIO  0  
[2024/12/07 09:31:46 289] tts        557  get audio|use local  
[2024/12/07 09:31:46 289] tts        599  0  nil  1  
[2024/12/07 09:31:46 289] tts        792  TTS_MSG_GETAUDIO  0  
[2024/12/07 09:31:46 289] tts        557  get audio|use local  
[2024/12/07 09:31:46 289] tts        599  0  nil  1  
[2024/12/07 09:31:46 289] tts        792  TTS_MSG_GETAUDIO  0  
[2024/12/07 09:31:46 289] tts        557  get audio|use local  
[2024/12/07 09:31:46 289] tts        599  0  nil  1  
[2024/12/07 09:31:46 290] tts        792  TTS_MSG_GETAUDIO  0  
[2024/12/07 09:31:46 290] tts        557  get audio|use local  
[2024/12/07 09:31:46 290] tts        599  0  nil  1  
[2024/12/07 09:31:46 292] tts        792  TTS_MSG_GETAUDIO  0  
[2024/12/07 09:31:46 292] tts        557  get audio|use local  
[2024/12/07 09:31:46 292] tts        599  0  nil  1  
[2024/12/07 09:31:46 292] tts        792  TTS_MSG_GETAUDIO  0  
[2024/12/07 09:31:46 292] tts        557  get audio|use local  
[2024/12/07 09:31:46 292] tts        599  0  nil  1  
[2024/12/07 09:31:46 292] tts        792  TTS_MSG_GETAUDIO  0  
[2024/12/07 09:31:46 292] tts        557  get audio|use local  
[2024/12/07 09:31:46 292] tts        599  0  nil  1  
[2024/12/07 09:31:46 292] tts        792  TTS_MSG_GETAUDIO  0  
[2024/12/07 09:31:46 292] tts        557  get audio|use local  
[2024/12/07 09:31:46 292] tts        599  0  nil  1  
[2024/12/07 09:31:46 293] tts        792  TTS_MSG_GETAUDIO  0  
[2024/12/07 09:31:46 293] tts        557  get audio|use local  
[2024/12/07 09:31:46 293] tts        599  0  nil  1  
[2024/12/07 09:31:46 293] tts        792  TTS_MSG_GETAUDIO  0  
[2024/12/07 09:31:46 293] tts        557  get audio|use local  
[2024/12/07 09:31:46 293] tts        599  0  nil  1  
[2024/12/07 09:31:46 295] tts        792  TTS_MSG_GETAUDIO  0  
[2024/12/07 09:31:46 295] tts        557  get audio|use local  
[2024/12/07 09:31:46 296] tts        599  0  nil  1  
[2024/12/07 09:31:46 296] tts        792  TTS_MSG_GETAUDIO  0  
[2024/12/07 09:31:46 296] tts        557  get audio|use local  
[2024/12/07 09:31:46 296] tts        599  0  nil  1  
[2024/12/07 09:31:46 298] tts        792  TTS_MSG_GETAUDIO  0  
[2024/12/07 09:31:46 298] tts        557  get audio|use local  
[2024/12/07 09:31:46 298] tts        599  0  nil  1  
[2024/12/07 09:31:46 299] tts        792  TTS_MSG_GETAUDIO  0  
[2024/12/07 09:31:46 299] tts        557  get audio|use local  
[2024/12/07 09:31:46 299] tts        599  0  nil  1  
[2024/12/07 09:31:46 299] tts        792  TTS_MSG_GETAUDIO  0  
[2024/12/07 09:31:46 299] tts        557  get audio|use local  
[2024/12/07 09:31:46 299] tts        599  0  nil  1  
[2024/12/07 09:31:46 301] tts        792  TTS_MSG_GETAUDIO  0  
[2024/12/07 09:31:46 301] tts        557  get audio|use local  
[2024/12/07 09:31:46 301] tts        599  0  nil  1  
[2024/12/07 09:31:46 302] tts        792  TTS_MSG_GETAUDIO  0  
[2024/12/07 09:31:46 302] tts        557  get audio|use local  
[2024/12/07 09:31:46 302] tts        599  0  nil  1  
[2024/12/07 09:31:46 302] tts        792  TTS_MSG_GETAUDIO  0  
[2024/12/07 09:31:46 302] tts        557  get audio|use local  
[2024/12/07 09:31:46 302] tts        599  0  nil  1  
[2024/12/07 09:31:46 302] tts        792  TTS_MSG_GETAUDIO  0  
[2024/12/07 09:31:46 302] tts        557  get audio|use local  
[2024/12/07 09:31:46 302] tts        599  0  nil  1  
[2024/12/07 09:31:46 303] tts        792  TTS_MSG_GETAUDIO  0  
[2024/12/07 09:31:46 303] tts        557  get audio|use local  
[2024/12/07 09:31:46 303] tts        599  0  nil  1  
[2024/12/07 09:31:46 305] tts        792  TTS_MSG_GETAUDIO  0  
[2024/12/07 09:31:46 305] tts        557  get audio|use local  
[2024/12/07 09:31:46 305] tts        599  0  nil  1  
[2024/12/07 09:31:46 305] tts        792  TTS_MSG_GETAUDIO  0  
[2024/12/07 09:31:46 305] tts        557  get audio|use local  
[2024/12/07 09:31:46 305] tts        599  0  nil  1  
[2024/12/07 09:31:46 306] tts        792  TTS_MSG_GETAUDIO  0  
[2024/12/07 09:31:46 306] tts        557  get audio|use local  
[2024/12/07 09:31:46 306] tts        599  0  nil  1  
[2024/12/07 09:31:46 308] tts        792  TTS_MSG_GETAUDIO  0  
[2024/12/07 09:31:46 308] tts        557  get audio|use local  
[2024/12/07 09:31:46 308] tts        599  0  nil  1  
[2024/12/07 09:31:46 309] tts        792  TTS_MSG_GETAUDIO  0  
[2024/12/07 09:31:46 309] tts        557  get audio|use local  
[2024/12/07 09:31:46 309] tts        599  0  nil  1  
[2024/12/07 09:31:46 311] tts        792  TTS_MSG_GETAUDIO  0  
[2024/12/07 09:31:46 311] tts        557  get audio|use local  
[2024/12/07 09:31:46 311] tts        599  0  nil  1  
[2024/12/07 09:31:46 312] tts        792  TTS_MSG_GETAUDIO  0  
[2024/12/07 09:31:46 312] tts        557  get audio|use local  
[2024/12/07 09:31:46 312] tts        599  0  nil  1  
[2024/12/07 09:31:46 313] tts        792  TTS_MSG_GETAUDIO  0  
[2024/12/07 09:31:46 313] tts        557  get audio|use local  
[2024/12/07 09:31:46 313] tts        599  0  nil  1  
[2024/12/07 09:31:46 315] tts        792  TTS_MSG_GETAUDIO  0  
[2024/12/07 09:31:46 315] tts        557  get audio|use local  
[2024/12/07 09:31:46 315] tts        599  0  nil  1  
[2024/12/07 09:31:46 315] tts        792  TTS_MSG_GETAUDIO  0  
[2024/12/07 09:31:46 316] tts        557  get audio|use local  
[2024/12/07 09:31:46 316] tts        599  0  nil  1  
[2024/12/07 09:31:46 318] tts        792  TTS_MSG_GETAUDIO  0  
[2024/12/07 09:31:46 318] tts        557  get audio|use local  
[2024/12/07 09:31:46 318] tts        599  0  nil  1  
[2024/12/07 09:31:46 319] tts        792  TTS_MSG_GETAUDIO  0  
[2024/12/07 09:31:46 319] tts        557  get audio|use local  
[2024/12/07 09:31:46 319] tts        599  0  nil  1  
[2024/12/07 09:31:46 321] tts        792  TTS_MSG_GETAUDIO  0  
[2024/12/07 09:31:46 321] tts        557  get audio|use local  
[2024/12/07 09:31:46 322] tts        599  0  nil  1  
[2024/12/07 09:31:46 322] tts        792  TTS_MSG_GETAUDIO  0  
[2024/12/07 09:31:46 323] tts        557  get audio|use local  
[2024/12/07 09:31:46 323] tts        599  0  nil  1  
[2024/12/07 09:31:46 325] tts        792  TTS_MSG_GETAUDIO  0  
[2024/12/07 09:31:46 325] tts        557  get audio|use local  
[2024/12/07 09:31:46 325] tts        599  0  nil  1  
[2024/12/07 09:31:46 325] tts        792  TTS_MSG_GETAUDIO  0  
[2024/12/07 09:31:46 325] tts        557  get audio|use local  
[2024/12/07 09:31:46 325] tts        599  0  nil  1  
[2024/12/07 09:31:46 326] tts        792  TTS_MSG_GETAUDIO  0  
[2024/12/07 09:31:46 326] tts        557  get audio|use local  
[2024/12/07 09:31:46 326] tts        599  0  nil  1  
[2024/12/07 09:31:46 328] tts        792  TTS_MSG_GETAUDIO  0  
[2024/12/07 09:31:46 328] tts        557  get audio|use local  
[2024/12/07 09:31:46 328] tts        599  0  nil  1  
[2024/12/07 09:31:46 328] tts        792  TTS_MSG_GETAUDIO  0  
[2024/12/07 09:31:46 328] tts        557  get audio|use local  
[2024/12/07 09:31:46 328] tts        599  0  nil  1  
[2024/12/07 09:31:46 329] tts        792  TTS_MSG_GETAUDIO  0  
[2024/12/07 09:31:46 329] tts        557  get audio|use local  
[2024/12/07 09:31:46 331] tts        599  0  nil  1  
[2024/12/07 09:31:46 332] tts        792  TTS_MSG_GETAUDIO  0  
[2024/12/07 09:31:46 332] tts        557  get audio|use local  
[2024/12/07 09:31:46 332] tts        599  0  nil  1  
[2024/12/07 09:31:46 334] tts        792  TTS_MSG_GETAUDIO  0  
[2024/12/07 09:31:46 334] tts        557  get audio|use local  
[2024/12/07 09:31:46 334] tts        599  0  nil  1  
[2024/12/07 09:31:46 334] tts        792  TTS_MSG_GETAUDIO  0  
[2024/12/07 09:31:46 335] tts        557  get audio|use local  
[2024/12/07 09:31:46 335] tts        599  0  nil  1  
[2024/12/07 09:31:46 335] tts        792  TTS_MSG_GETAUDIO  0  
[2024/12/07 09:31:46 335] tts        557  get audio|use local  
[2024/12/07 09:31:46 335] tts        599  0  nil  1  
[2024/12/07 09:31:46 336] tts        792  TTS_MSG_GETAUDIO  0  
[2024/12/07 09:31:46 336] tts        557  get audio|use local  
[2024/12/07 09:31:46 336] tts        599  0  nil  1  
[2024/12/07 09:31:46 338] tts        792  TTS_MSG_GETAUDIO  0  
[2024/12/07 09:31:46 338] tts        557  get audio|use local  
[2024/12/07 09:31:46 338] tts        599  0  nil  1  
[2024/12/07 09:31:46 338] tts        792  TTS_MSG_GETAUDIO  0  
[2024/12/07 09:31:46 338] tts        557  get audio|use local  
[2024/12/07 09:31:46 338] tts        599  0  nil  1  
[2024/12/07 09:31:46 339] tts        792  TTS_MSG_GETAUDIO  0  
[2024/12/07 09:31:46 341] tts        557  get audio|use local  
[2024/12/07 09:31:46 341] tts        599  0  nil  1  
[2024/12/07 09:31:46 342] tts        792  TTS_MSG_GETAUDIO  0  
[2024/12/07 09:31:46 342] tts        557  get audio|use local  
[2024/12/07 09:31:46 342] tts        599  0  nil  1  
[2024/12/07 09:31:46 342] tts        792  TTS_MSG_GETAUDIO  0  
[2024/12/07 09:31:46 342] tts        557  get audio|use local  
[2024/12/07 09:31:46 342] tts        599  0  nil  1  
[2024/12/07 09:31:46 344] tts        792  TTS_MSG_GETAUDIO  0  
[2024/12/07 09:31:46 344] tts        557  get audio|use local  
[2024/12/07 09:31:46 344] tts        599  0  nil  1  
[2024/12/07 09:31:46 345] tts        792  TTS_MSG_GETAUDIO  0  
[2024/12/07 09:31:46 345] tts        557  get audio|use local  
[2024/12/07 09:31:46 345] tts        599  0  nil  1  
[2024/12/07 09:31:46 345] tts        792  TTS_MSG_GETAUDIO  0  
[2024/12/07 09:31:46 345] tts        557  get audio|use local  
[2024/12/07 09:31:46 345] tts        599  0  nil  1  
[2024/12/07 09:31:46 345] tts        792  TTS_MSG_GETAUDIO  0  
[2024/12/07 09:31:46 345] tts        557  get audio|use local  
[2024/12/07 09:31:46 345] tts        599  0  nil  1  
[2024/12/07 09:31:46 346] tts        792  TTS_MSG_GETAUDIO  0  
[2024/12/07 09:31:46 346] tts        557  get audio|use local  
[2024/12/07 09:31:46 346] tts        599  0  nil  1  
[2024/12/07 09:31:46 348] tts        792  TTS_MSG_GETAUDIO  0  
[2024/12/07 09:31:46 348] tts        557  get audio|use local  
[2024/12/07 09:31:46 348] tts        599  0  nil  1  
[2024/12/07 09:31:46 348] tts        792  TTS_MSG_GETAUDIO  0  
[2024/12/07 09:31:46 348] tts        557  get audio|use local  
[2024/12/07 09:31:46 348] tts        599  0  nil  1  
[2024/12/07 09:31:46 349] tts        792  TTS_MSG_GETAUDIO  0  
[2024/12/07 09:31:46 349] tts        557  get audio|use local  
[2024/12/07 09:31:46 349] tts        599  0  nil  1  
[2024/12/07 09:31:46 349] tts        792  TTS_MSG_GETAUDIO  0  
[2024/12/07 09:31:46 349] tts        557  get audio|use local  
[2024/12/07 09:31:46 351] tts        599  0  nil  1  
[2024/12/07 09:31:46 351] tts        792  TTS_MSG_GETAUDIO  0  
[2024/12/07 09:31:46 351] tts        557  get audio|use local  
[2024/12/07 09:31:46 351] tts        599  0  nil  1  
[2024/12/07 09:31:46 351] tts        792  TTS_MSG_GETAUDIO  0  
[2024/12/07 09:31:46 351] tts        557  get audio|use local  
[2024/12/07 09:31:46 351] tts        599  0  nil  1  
[2024/12/07 09:31:46 352] tts        792  TTS_MSG_GETAUDIO  0  
[2024/12/07 09:31:46 352] tts        557  get audio|use local  
[2024/12/07 09:31:46 352] tts        599  0  nil  1  
[2024/12/07 09:31:46 354] tts        792  TTS_MSG_GETAUDIO  0  
[2024/12/07 09:31:46 354] tts        557  get audio|use local  
[2024/12/07 09:31:46 354] tts        599  0  nil  1  
[2024/12/07 09:31:46 354] tts        792  TTS_MSG_GETAUDIO  0  
[2024/12/07 09:31:46 354] tts        557  get audio|use local  
[2024/12/07 09:31:46 355] tts        599  0  nil  1  
[2024/12/07 09:31:46 355] tts        792  TTS_MSG_GETAUDIO  0  
[2024/12/07 09:31:46 355] tts        557  get audio|use local  
[2024/12/07 09:31:46 355] tts        599  0  nil  1  
[2024/12/07 09:31:46 355] tts        792  TTS_MSG_GETAUDIO  0  
[2024/12/07 09:31:46 355] tts        557  get audio|use local  
[2024/12/07 09:31:46 355] tts        599  0  nil  1  
[2024/12/07 09:31:46 357] tts        792  TTS_MSG_GETAUDIO  0  
[2024/12/07 09:31:46 357] tts        557  get audio|use local  
[2024/12/07 09:31:46 357] tts        599  0  nil  1  
[2024/12/07 09:31:46 358] tts        792  TTS_MSG_GETAUDIO  0  
[2024/12/07 09:31:46 358] tts        557  get audio|use local  
[2024/12/07 09:31:46 358] tts        599  0  nil  1  
[2024/12/07 09:31:46 361] tts        792  TTS_MSG_GETAUDIO  0  
[2024/12/07 09:31:46 361] tts        557  get audio|use local  
[2024/12/07 09:31:46 361] tts        599  0  nil  1  
[2024/12/07 09:31:46 361] tts        301  TTS_LOCAL_CB_BEGIN  
[2024/12/07 09:31:46 362] tts        317  TTS_LOCAL_CB_OUTPUT  101  udata(358ceaa8) 21  
[2024/12/07 09:31:46 362] tts        321  udata(358ceaa8) 21  
[2024/12/07 09:31:46 364] tts        317  TTS_LOCAL_CB_OUTPUT  101  udata(358ce6e8) 21  
[2024/12/07 09:31:46 364] tts        321  udata(358ce6e8) 21  
[2024/12/07 09:31:46 365] tts        792  TTS_MSG_GETAUDIO  0  
[2024/12/07 09:31:46 365] tts        557  get audio|use local  
[2024/12/07 09:31:46 365] tts        570  local audiolen:  212  ,ced:  21  
[2024/12/07 09:31:46 365] tts        599  0  udata(358ce788) 1  
[2024/12/07 09:31:46 365] tts        317  TTS_LOCAL_CB_OUTPUT  101  udata(358ce968) 21  
[2024/12/07 09:31:46 365] tts        321  udata(358ce968) 21  
[2024/12/07 09:31:46 367] tts        317  TTS_LOCAL_CB_OUTPUT  101  udata(358ce058) 21  
[2024/12/07 09:31:46 367] tts        321  udata(358ce058) 21  
[2024/12/07 09:31:46 368] tts        317  TTS_LOCAL_CB_OUTPUT  101  udata(358ce0a8) 21  
[2024/12/07 09:31:46 368] tts        321  udata(358ce0a8) 21  
[2024/12/07 09:31:46 368] tts        317  TTS_LOCAL_CB_OUTPUT  101  udata(358ce7d8) 21  
[2024/12/07 09:31:46 368] tts        321  udata(358ce7d8) 21  
[2024/12/07 09:31:46 368] tts        317  TTS_LOCAL_CB_OUTPUT  101  udata(358ce148) 21  
[2024/12/07 09:31:46 368] tts        321  udata(358ce148) 21  
[2024/12/07 09:31:46 369] tts        792  TTS_MSG_GETAUDIO  0  
[2024/12/07 09:31:46 369] tts        557  get audio|use local  
[2024/12/07 09:31:46 369] tts        570  local audiolen:  5092  ,ced:  21  
[2024/12/07 09:31:46 369] tts        599  0  udata(358cef58) 1  
[2024/12/07 09:31:46 371] tts        317  TTS_LOCAL_CB_OUTPUT  101  udata(358cf048) 21  
[2024/12/07 09:31:46 371] tts        321  udata(358cf048) 21  
[2024/12/07 09:31:46 371] tts        317  TTS_LOCAL_CB_OUTPUT  101  udata(358ce238) 21  
[2024/12/07 09:31:46 372] tts        321  udata(358ce238) 21  
[2024/12/07 09:31:46 372] tts        317  TTS_LOCAL_CB_OUTPUT  101  udata(358cf408) 21  
[2024/12/07 09:31:46 374] tts        321  udata(358cf408) 21  
[2024/12/07 09:31:46 374] tts        317  TTS_LOCAL_CB_OUTPUT  101  udata(358cf228) 21  
[2024/12/07 09:31:46 375] tts        321  udata(358cf228) 21  
[2024/12/07 09:31:46 375] tts        317  TTS_LOCAL_CB_OUTPUT  101  udata(358cf2c8) 21  
[2024/12/07 09:31:46 375] tts        321  udata(358cf2c8) 21  
[2024/12/07 09:31:46 375] tts        317  TTS_LOCAL_CB_OUTPUT  101  udata(358cf318) 21  
[2024/12/07 09:31:46 375] tts        321  udata(358cf318) 21  
[2024/12/07 09:31:46 377] tts        317  TTS_LOCAL_CB_OUTPUT  101  udata(358cc118) 21  
[2024/12/07 09:31:46 377] tts        321  udata(358cc118) 21  
[2024/12/07 09:31:46 378] tts        317  TTS_LOCAL_CB_OUTPUT  101  udata(358c90a8) 21  
[2024/12/07 09:31:46 378] tts        321  udata(358c90a8) 21  
[2024/12/07 09:31:46 378] tts        317  TTS_LOCAL_CB_OUTPUT  101  udata(358c8d88) 21  
[2024/12/07 09:31:46 378] tts        321  udata(358c8d88) 21  
[2024/12/07 09:31:46 378] tts        317  TTS_LOCAL_CB_OUTPUT  101  udata(358c93c8) 21  
[2024/12/07 09:31:46 378] tts        321  udata(358c93c8) 21  
[2024/12/07 09:31:46 380] tts        317  TTS_LOCAL_CB_OUTPUT  101  udata(358c8ec8) 21  
[2024/12/07 09:31:46 380] tts        321  udata(358c8ec8) 21  
[2024/12/07 09:31:46 381] tts        317  TTS_LOCAL_CB_OUTPUT  101  udata(358c9238) 21  
[2024/12/07 09:31:46 381] tts        321  udata(358c9238) 21  
[2024/12/07 09:31:46 381] tts        317  TTS_LOCAL_CB_OUTPUT  101  udata(358c9738) 21  
[2024/12/07 09:31:46 381] tts        321  udata(358c9738) 21  
[2024/12/07 09:31:46 382] tts        317  TTS_LOCAL_CB_OUTPUT  101  udata(358c9418) 21  
[2024/12/07 09:31:46 382] tts        321  udata(358c9418) 21  
[2024/12/07 09:31:46 382] tts        317  TTS_LOCAL_CB_OUTPUT  101  udata(358c9878) 21  
[2024/12/07 09:31:46 384] tts        321  udata(358c9878) 21  
[2024/12/07 09:31:46 384] tts        317  TTS_LOCAL_CB_OUTPUT  101  udata(358c9788) 21  
[2024/12/07 09:31:46 384] tts        321  udata(358c9788) 21  
[2024/12/07 09:31:46 384] tts        317  TTS_LOCAL_CB_OUTPUT  101  udata(358c94b8) 21  
[2024/12/07 09:31:46 384] tts        321  udata(358c94b8) 21  
[2024/12/07 09:31:46 385] tts        317  TTS_LOCAL_CB_OUTPUT  101  udata(358c99b8) 21  
[2024/12/07 09:31:46 385] tts        321  udata(358c99b8) 21  
[2024/12/07 09:31:46 387] tts        317  TTS_LOCAL_CB_OUTPUT  101  udata(358c9a08) 21  
[2024/12/07 09:31:46 387] tts        321  udata(358c9a08) 21  
[2024/12/07 09:31:46 388] tts        317  TTS_LOCAL_CB_OUTPUT  101  udata(358c9b48) 21  
[2024/12/07 09:31:46 388] tts        321  udata(358c9b48) 21  
[2024/12/07 09:31:46 388] tts        317  TTS_LOCAL_CB_OUTPUT  101  udata(358c9c88) 21  
[2024/12/07 09:31:46 388] tts        321  udata(358c9c88) 21  
[2024/12/07 09:31:46 388] tts        317  TTS_LOCAL_CB_OUTPUT  101  udata(358c8d38) 21  
[2024/12/07 09:31:46 388] tts        321  udata(358c8d38) 21  
[2024/12/07 09:31:46 390] tts        792  TTS_MSG_GETAUDIO  0  
[2024/12/07 09:31:46 390] tts        557  get audio|use local  
[2024/12/07 09:31:46 390] tts        570  local audiolen:  6258  ,ced:  21  
[2024/12/07 09:31:46 390] tts        599  0  udata(358c8a68) 1  
[2024/12/07 09:31:46 391] tts        317  TTS_LOCAL_CB_OUTPUT  101  udata(358c8ba8) 21  
[2024/12/07 09:31:46 391] tts        321  udata(358c8ba8) 21  
[2024/12/07 09:31:46 392] tts        317  TTS_LOCAL_CB_OUTPUT  101  udata(358c8e28) 45  
[2024/12/07 09:31:46 394] tts        321  udata(358c8e28) 45  
[2024/12/07 09:31:46 401] tts        317  TTS_LOCAL_CB_OUTPUT  101  udata(358c9698) 45  
[2024/12/07 09:31:46 401] tts        321  udata(358c9698) 45  
[2024/12/07 09:31:46 401] tts        317  TTS_LOCAL_CB_OUTPUT  101  udata(358c8c98) 45  
[2024/12/07 09:31:46 401] tts        321  udata(358c8c98) 45  
[2024/12/07 09:31:46 403] tts        317  TTS_LOCAL_CB_OUTPUT  101  udata(358cb1c8) 45  
[2024/12/07 09:31:46 403] tts        321  udata(358cb1c8) 45  
[2024/12/07 09:31:46 404] tts        317  TTS_LOCAL_CB_OUTPUT  101  udata(358c9f08) 45  
[2024/12/07 09:31:46 404] tts        321  udata(358c9f08) 45  
[2024/12/07 09:31:46 404] tts        317  TTS_LOCAL_CB_OUTPUT  101  udata(358cb178) 45  
[2024/12/07 09:31:46 404] tts        321  udata(358cb178) 45  
[2024/12/07 09:31:46 404] tts        317  TTS_LOCAL_CB_OUTPUT  101  udata(358cb088) 45  
[2024/12/07 09:31:46 404] tts        321  udata(358cb088) 45  
[2024/12/07 09:31:46 405] tts        317  TTS_LOCAL_CB_OUTPUT  101  udata(358ca048) 45  
[2024/12/07 09:31:46 405] tts        321  udata(358ca048) 45  
[2024/12/07 09:31:46 407] tts        317  TTS_LOCAL_CB_OUTPUT  101  udata(358ca318) 45  
[2024/12/07 09:31:46 407] tts        321  udata(358ca318) 45  
[2024/12/07 09:31:46 407] tts        317  TTS_LOCAL_CB_OUTPUT  101  udata(358cb308) 45  
[2024/12/07 09:31:46 407] tts        321  udata(358cb308) 45  
[2024/12/07 09:31:46 408] tts        317  TTS_LOCAL_CB_OUTPUT  101  udata(35148f88) 45  
[2024/12/07 09:31:46 408] tts        321  udata(35148f88) 45  
[2024/12/07 09:31:46 408] tts        317  TTS_LOCAL_CB_OUTPUT  101  udata(35147138) 45  
[2024/12/07 09:31:46 408] tts        321  udata(35147138) 45  
[2024/12/07 09:31:46 410] tts        317  TTS_LOCAL_CB_OUTPUT  101  udata(35146e18) 45  
[2024/12/07 09:31:46 410] tts        321  udata(35146e18) 45  
[2024/12/07 09:31:46 411] tts        317  TTS_LOCAL_CB_OUTPUT  101  udata(35148f38) 45  
[2024/12/07 09:31:46 411] tts        321  udata(35148f38) 45  
[2024/12/07 09:31:46 411] tts        317  TTS_LOCAL_CB_OUTPUT  101  udata(351499d8) 45  
[2024/12/07 09:31:46 411] tts        321  udata(351499d8) 45  
[2024/12/07 09:31:46 413] tts        317  TTS_LOCAL_CB_OUTPUT  101  udata(35147048) 45  
[2024/12/07 09:31:46 413] tts        321  udata(35147048) 45  
[2024/12/07 09:31:46 414] tts        317  TTS_LOCAL_CB_OUTPUT  101  udata(351492a8) 45  
[2024/12/07 09:31:46 414] tts        321  udata(351492a8) 45  
[2024/12/07 09:31:46 414] tts        317  TTS_LOCAL_CB_OUTPUT  101  udata(35149758) 45  
[2024/12/07 09:31:46 414] tts        321  udata(35149758) 45  
[2024/12/07 09:31:46 414] tts        317  TTS_LOCAL_CB_OUTPUT  101  udata(3514a6a8) 45  
[2024/12/07 09:31:46 414] tts        321  udata(3514a6a8) 45  
[2024/12/07 09:31:46 415] tts        317  TTS_LOCAL_CB_OUTPUT  101  udata(35146cd8) 45  
[2024/12/07 09:31:46 415] tts        321  udata(35146cd8) 45  
[2024/12/07 09:31:46 417] tts        317  TTS_LOCAL_CB_OUTPUT  101  udata(35147408) 45  
[2024/12/07 09:31:46 417] tts        321  udata(35147408) 45  
[2024/12/07 09:31:46 417] tts        317  TTS_LOCAL_CB_OUTPUT  101  udata(35146dc8) 45  
[2024/12/07 09:31:46 417] tts        321  udata(35146dc8) 45  
[2024/12/07 09:31:46 417] tts        317  TTS_LOCAL_CB_OUTPUT  101  udata(351468c8) 45  
[2024/12/07 09:31:46 417] tts        321  udata(351468c8) 45  
[2024/12/07 09:31:46 417] tts        317  TTS_LOCAL_CB_OUTPUT  101  udata(351465f8) 45  
[2024/12/07 09:31:46 417] tts        321  udata(351465f8) 45  
[2024/12/07 09:31:46 418] tts        792  TTS_MSG_GETAUDIO  0  
[2024/12/07 09:31:46 418] tts        557  get audio|use local  
[2024/12/07 09:31:46 418] tts        570  local audiolen:  6546  ,ced:  21  
[2024/12/07 09:31:46 420] tts        599  0  udata(35146af8) 1  
[2024/12/07 09:31:46 421] tts        317  TTS_LOCAL_CB_OUTPUT  101  udata(35146878) 45  
[2024/12/07 09:31:46 421] tts        321  udata(35146878) 45  
[2024/12/07 09:31:46 421] tts        317  TTS_LOCAL_CB_OUTPUT  101  udata(35146418) 45  
[2024/12/07 09:31:46 421] tts        321  udata(35146418) 45  
[2024/12/07 09:31:46 421] tts        317  TTS_LOCAL_CB_OUTPUT  101  udata(351474f8) 45  
[2024/12/07 09:31:46 421] tts        321  udata(351474f8) 45  
[2024/12/07 09:31:46 423] tts        317  TTS_LOCAL_CB_OUTPUT  101  udata(35147228) 45  
[2024/12/07 09:31:46 423] tts        321  udata(35147228) 45  
[2024/12/07 09:31:46 424] tts        317  TTS_LOCAL_CB_OUTPUT  101  udata(35146a58) 45  
[2024/12/07 09:31:46 424] tts        321  udata(35146a58) 45  
[2024/12/07 09:31:46 424] tts        317  TTS_LOCAL_CB_OUTPUT  101  udata(35146468) 45  
[2024/12/07 09:31:46 424] tts        321  udata(35146468) 45  
[2024/12/07 09:31:46 424] tts        317  TTS_LOCAL_CB_OUTPUT  101  udata(35146828) 66  
[2024/12/07 09:31:46 424] tts        321  udata(35146828) 66  
[2024/12/07 09:31:46 424] tts        317  TTS_LOCAL_CB_OUTPUT  101  udata(35147598) 66  
[2024/12/07 09:31:46 424] tts        321  udata(35147598) 66  
[2024/12/07 09:31:46 426] tts        317  TTS_LOCAL_CB_OUTPUT  101  udata(35146288) 66  
[2024/12/07 09:31:46 426] tts        321  udata(35146288) 66  
[2024/12/07 09:31:46 426] tts        792  TTS_MSG_GETAUDIO  0  
[2024/12/07 09:31:46 427] tts        557  get audio|use local  
[2024/12/07 09:31:46 427] tts        570  local audiolen:  7868  ,ced:  21  
[2024/12/07 09:31:46 427] tts        599  0  udata(35146f08) 1  
[2024/12/07 09:31:46 427] tts        317  TTS_LOCAL_CB_OUTPUT  101  udata(35146b48) 66  
[2024/12/07 09:31:46 427] tts        321  udata(35146b48) 66  
[2024/12/07 09:31:46 427] tts        317  TTS_LOCAL_CB_OUTPUT  101  udata(35146fa8) 66  
[2024/12/07 09:31:46 427] tts        321  udata(35146fa8) 66  
[2024/12/07 09:31:46 428] tts        317  TTS_LOCAL_CB_OUTPUT  101  udata(35146508) 66  
[2024/12/07 09:31:46 428] tts        321  udata(35146508) 66  
[2024/12/07 09:31:46 428] tts        317  TTS_LOCAL_CB_OUTPUT  101  udata(35146be8) 66  
[2024/12/07 09:31:46 428] tts        321  udata(35146be8) 66  
[2024/12/07 09:31:46 430] tts        317  TTS_LOCAL_CB_OUTPUT  101  udata(351486c8) 66  
[2024/12/07 09:31:46 430] tts        321  udata(351486c8) 66  
[2024/12/07 09:31:46 430] tts        317  TTS_LOCAL_CB_OUTPUT  101  udata(35147e58) 66  
[2024/12/07 09:31:46 430] tts        321  udata(35147e58) 66  
[2024/12/07 09:31:46 430] tts        317  TTS_LOCAL_CB_OUTPUT  101  udata(35148218) 66  
[2024/12/07 09:31:46 430] tts        321  udata(35148218) 66  
[2024/12/07 09:31:46 430] tts        317  TTS_LOCAL_CB_OUTPUT  101  udata(35147728) 66  
[2024/12/07 09:31:46 431] tts        321  udata(35147728) 66  
[2024/12/07 09:31:46 431] tts        317  TTS_LOCAL_CB_OUTPUT  101  udata(351479a8) 66  
[2024/12/07 09:31:46 431] tts        321  udata(351479a8) 66  
[2024/12/07 09:31:46 433] tts        317  TTS_LOCAL_CB_OUTPUT  101  udata(35148588) 66  
[2024/12/07 09:31:46 433] tts        321  udata(35148588) 66  
[2024/12/07 09:31:46 433] tts        303  0  0  
[2024/12/07 09:31:46 433] tts        314  TTS_LOCAL_CB_END,  2  
[2024/12/07 09:31:46 434] tts        792  TTS_MSG_GETAUDIO  0  
[2024/12/07 09:31:46 434] tts        557  get audio|use local  
[2024/12/07 09:31:46 434] tts        570  local audiolen:  13078  ,ced:  21  
[2024/12/07 09:31:46 434] tts        599  0  udata(35148718) 1  
[2024/12/07 09:31:46 434] tts        792  TTS_MSG_GETAUDIO  0  
[2024/12/07 09:31:46 436] tts        557  get audio|use local  
[2024/12/07 09:31:46 436] tts        570  local audiolen:  5270  ,ced:  21  
[2024/12/07 09:31:46 436] tts        599  0  udata(35148808) 1  
[2024/12/07 09:31:46 437] tts        792  TTS_MSG_GETAUDIO  0  
[2024/12/07 09:31:46 437] tts        557  get audio|use local  
[2024/12/07 09:31:46 437] tts        570  local audiolen:  9502  ,ced:  21  
[2024/12/07 09:31:46 437] tts        599  0  udata(35147fe8) 1  
[2024/12/07 09:31:46 438] tts        792  TTS_MSG_GETAUDIO  0  
[2024/12/07 09:31:46 438] tts        557  get audio|use local  
[2024/12/07 09:31:46 438] tts        570  local audiolen:  5316  ,ced:  21  
[2024/12/07 09:31:46 438] tts        599  0  udata(351480d8) 1  
[2024/12/07 09:31:46 438] tts        792  TTS_MSG_GETAUDIO  0  
[2024/12/07 09:31:46 438] tts        557  get audio|use local  
[2024/12/07 09:31:46 438] tts        570  local audiolen:  7410  ,ced:  21  
[2024/12/07 09:31:46 438] tts        599  0  udata(35147a48) 1  
[2024/12/07 09:31:46 440] tts        792  TTS_MSG_GETAUDIO  0  
[2024/12/07 09:31:46 440] tts        557  get audio|use local  
[2024/12/07 09:31:46 440] tts        570  local audiolen:  9406  ,ced:  21  
[2024/12/07 09:31:46 440] tts        599  0  udata(35148128) 1  
[2024/12/07 09:31:46 440] tts        792  TTS_MSG_GETAUDIO  0  
[2024/12/07 09:31:46 440] tts        557  get audio|use local  
[2024/12/07 09:31:46 440] tts        570  local audiolen:  512  ,ced:  21  
[2024/12/07 09:31:46 440] tts        599  0  udata(351483a8) 1  
[2024/12/07 09:31:46 440] tts        792  TTS_MSG_GETAUDIO  0  
[2024/12/07 09:31:46 440] tts        557  get audio|use local  
[2024/12/07 09:31:46 440] tts        570  local audiolen:  512  ,ced:  21  
[2024/12/07 09:31:46 440] tts        599  0  udata(35148498) 1  
[2024/12/07 09:31:46 440] tts        792  TTS_MSG_GETAUDIO  0  
[2024/12/07 09:31:46 440] tts        557  get audio|use local  
[2024/12/07 09:31:46 441] tts        570  local audiolen:  512  ,ced:  21  
[2024/12/07 09:31:46 441] tts        599  0  udata(35147ef8) 1  
[2024/12/07 09:31:46 441] tts        792  TTS_MSG_GETAUDIO  0  
[2024/12/07 09:31:46 441] tts        557  get audio|use local  
[2024/12/07 09:31:46 441] tts        570  local audiolen:  512  ,ced:  21  
[2024/12/07 09:31:46 441] tts        599  0  udata(351485d8) 1  
[2024/12/07 09:31:46 443] tts        792  TTS_MSG_GETAUDIO  0  
[2024/12/07 09:31:46 443] tts        557  get audio|use local  
[2024/12/07 09:31:46 443] tts        570  local audiolen:  512  ,ced:  21  
[2024/12/07 09:31:46 443] tts        599  0  udata(35147b88) 1  
[2024/12/07 09:31:46 443] tts        792  TTS_MSG_GETAUDIO  0  
[2024/12/07 09:31:46 443] tts        557  get audio|use local  
[2024/12/07 09:31:46 443] tts        570  local audiolen:  512  ,ced:  21  
[2024/12/07 09:31:46 443] tts        599  0  udata(35147f98) 1  
[2024/12/07 09:31:46 444] tts        792  TTS_MSG_GETAUDIO  0  
[2024/12/07 09:31:46 444] tts        557  get audio|use local  
[2024/12/07 09:31:46 444] tts        570  local audiolen:  512  ,ced:  21  
[2024/12/07 09:31:46 444] tts        599  0  udata(35148538) 1  
[2024/12/07 09:31:46 444] tts        792  TTS_MSG_GETAUDIO  0  
[2024/12/07 09:31:46 444] tts        557  get audio|use local  
[2024/12/07 09:31:46 444] tts        570  local audiolen:  512  ,ced:  21  
[2024/12/07 09:31:46 444] tts        599  0  udata(35147a98) 1  
[2024/12/07 09:31:46 444] tts        792  TTS_MSG_GETAUDIO  0  
[2024/12/07 09:31:46 444] tts        557  get audio|use local  
[2024/12/07 09:31:46 444] tts        570  local audiolen:  512  ,ced:  21  
[2024/12/07 09:31:46 444] tts        599  0  udata(351476d8) 1  
[2024/12/07 09:31:46 444] tts        792  TTS_MSG_GETAUDIO  0  
[2024/12/07 09:31:46 444] tts        557  get audio|use local  
[2024/12/07 09:31:46 444] tts        570  local audiolen:  512  ,ced:  21  
[2024/12/07 09:31:46 444] tts        599  0  udata(35147778) 1  
[2024/12/07 09:31:46 446] tts        792  TTS_MSG_GETAUDIO  0  
[2024/12/07 09:31:46 446] tts        557  get audio|use local  
[2024/12/07 09:31:46 446] tts        570  local audiolen:  512  ,ced:  21  
[2024/12/07 09:31:46 446] tts        599  0  udata(35148858) 1  
[2024/12/07 09:31:46 446] tts        792  TTS_MSG_GETAUDIO  0  
[2024/12/07 09:31:46 446] tts        557  get audio|use local  
[2024/12/07 09:31:46 446] tts        570  local audiolen:  512  ,ced:  21  
[2024/12/07 09:31:46 447] tts        599  0  udata(351488f8) 1  
[2024/12/07 09:31:46 447] tts        792  TTS_MSG_GETAUDIO  0  
[2024/12/07 09:31:46 447] tts        557  get audio|use local  
[2024/12/07 09:31:46 447] tts        570  local audiolen:  512  ,ced:  21  
[2024/12/07 09:31:46 447] tts        599  0  udata(35148038) 1  
[2024/12/07 09:31:46 447] tts        792  TTS_MSG_GETAUDIO  0  
[2024/12/07 09:31:46 447] tts        557  get audio|use local  
[2024/12/07 09:31:46 447] tts        570  local audiolen:  512  ,ced:  21  
[2024/12/07 09:31:46 447] tts        599  0  udata(35147b38) 1  
[2024/12/07 09:31:46 447] tts        792  TTS_MSG_GETAUDIO  0  
[2024/12/07 09:31:46 447] tts        557  get audio|use local  
[2024/12/07 09:31:46 447] tts        570  local audiolen:  512  ,ced:  21  
[2024/12/07 09:31:46 447] tts        599  0  udata(35147bd8) 1  
[2024/12/07 09:31:46 448] tts        792  TTS_MSG_GETAUDIO  0  
[2024/12/07 09:31:46 448] tts        557  get audio|use local  
[2024/12/07 09:31:46 448] tts        570  local audiolen:  512  ,ced:  21  
[2024/12/07 09:31:46 448] tts        599  0  udata(35148948) 1  
[2024/12/07 09:31:46 448] tts        792  TTS_MSG_GETAUDIO  0  
[2024/12/07 09:31:46 448] tts        557  get audio|use local  
[2024/12/07 09:31:46 448] tts        570  local audiolen:  512  ,ced:  21  
[2024/12/07 09:31:46 448] tts        599  0  udata(351481c8) 1  
[2024/12/07 09:31:46 450] tts        792  TTS_MSG_GETAUDIO  0  
[2024/12/07 09:31:46 450] tts        557  get audio|use local  
[2024/12/07 09:31:46 450] tts        570  local audiolen:  512  ,ced:  21  
[2024/12/07 09:31:46 450] tts        599  0  udata(35148998) 1  
[2024/12/07 09:31:46 450] tts        792  TTS_MSG_GETAUDIO  0  
[2024/12/07 09:31:46 450] tts        557  get audio|use local  
[2024/12/07 09:31:46 450] tts        570  local audiolen:  160  ,ced:  21  
[2024/12/07 09:31:46 450] tts        599  0  udata(351488a8) 1  
[2024/12/07 09:31:46 450] tts        792  TTS_MSG_GETAUDIO  0  
[2024/12/07 09:31:46 450] tts        557  get audio|use local  
[2024/12/07 09:31:46 450] tts        570  local audiolen:  212  ,ced:  45  
[2024/12/07 09:31:46 450] tts        599  0  udata(35147ae8) 1  
[2024/12/07 09:31:46 450] tts        792  TTS_MSG_GETAUDIO  0  
[2024/12/07 09:31:46 450] tts        557  get audio|use local  
[2024/12/07 09:31:46 450] tts        570  local audiolen:  5668  ,ced:  45  
[2024/12/07 09:31:46 450] tts        599  0  udata(35148628) 1  
[2024/12/07 09:31:46 451] tts        792  TTS_MSG_GETAUDIO  0  
[2024/12/07 09:31:46 451] tts        557  get audio|use local  
[2024/12/07 09:31:46 451] tts        570  local audiolen:  7542  ,ced:  45  
[2024/12/07 09:31:46 451] tts        599  0  udata(35147f48) 1  
[2024/12/07 09:31:46 453] tts        792  TTS_MSG_GETAUDIO  0  
[2024/12/07 09:31:46 453] tts        557  get audio|use local  
[2024/12/07 09:31:46 453] tts        570  local audiolen:  9434  ,ced:  45  
[2024/12/07 09:31:46 453] tts        599  0  udata(35147e08) 1  
[2024/12/07 09:31:46 453] tts        792  TTS_MSG_GETAUDIO  0  
[2024/12/07 09:31:46 453] tts        557  get audio|use local  
[2024/12/07 09:31:46 453] tts        570  local audiolen:  5966  ,ced:  45  
[2024/12/07 09:31:46 453] tts        599  0  udata(351489e8) 1  
[2024/12/07 09:31:46 453] tts        792  TTS_MSG_GETAUDIO  0  
[2024/12/07 09:31:46 453] tts        557  get audio|use local  
[2024/12/07 09:31:46 453] tts        570  local audiolen:  4948  ,ced:  45  
[2024/12/07 09:31:46 453] tts        599  0  udata(35147c28) 1  
[2024/12/07 09:31:46 453] tts        792  TTS_MSG_GETAUDIO  0  
[2024/12/07 09:31:46 453] tts        557  get audio|use local  
[2024/12/07 09:31:46 453] tts        570  local audiolen:  8128  ,ced:  45  
[2024/12/07 09:31:46 453] tts        599  0  udata(35148268) 1  
[2024/12/07 09:31:46 454] tts        792  TTS_MSG_GETAUDIO  0  
[2024/12/07 09:31:46 454] tts        557  get audio|use local  
[2024/12/07 09:31:46 454] tts        570  local audiolen:  7154  ,ced:  45  
[2024/12/07 09:31:46 454] tts        599  0  udata(351482b8) 1  
[2024/12/07 09:31:46 454] tts        792  TTS_MSG_GETAUDIO  0  
[2024/12/07 09:31:46 454] tts        557  get audio|use local  
[2024/12/07 09:31:46 454] tts        570  local audiolen:  7608  ,ced:  45  
[2024/12/07 09:31:46 456] tts        599  0  udata(35148768) 1  
[2024/12/07 09:31:46 456] tts        792  TTS_MSG_GETAUDIO  0  
[2024/12/07 09:31:46 456] tts        557  get audio|use local  
[2024/12/07 09:31:46 456] tts        570  local audiolen:  8604  ,ced:  45  
[2024/12/07 09:31:46 456] tts        599  0  udata(351479f8) 1  
[2024/12/07 09:31:46 456] tts        792  TTS_MSG_GETAUDIO  0  
[2024/12/07 09:31:46 457] tts        557  get audio|use local  
[2024/12/07 09:31:46 457] tts        570  local audiolen:  8244  ,ced:  45  
[2024/12/07 09:31:46 457] tts        599  0  udata(351487b8) 1  
[2024/12/07 09:31:46 457] tts        792  TTS_MSG_GETAUDIO  0  
[2024/12/07 09:31:46 457] tts        557  get audio|use local  
[2024/12/07 09:31:46 457] tts        570  local audiolen:  512  ,ced:  45  
[2024/12/07 09:31:46 457] tts        599  0  udata(35147638) 1  
[2024/12/07 09:31:46 457] tts        792  TTS_MSG_GETAUDIO  0  
[2024/12/07 09:31:46 457] tts        557  get audio|use local  
[2024/12/07 09:31:46 457] tts        570  local audiolen:  512  ,ced:  45  
[2024/12/07 09:31:46 457] tts        599  0  udata(35147688) 1  
[2024/12/07 09:31:46 457] tts        792  TTS_MSG_GETAUDIO  0  
[2024/12/07 09:31:46 457] tts        557  get audio|use local  
[2024/12/07 09:31:46 457] tts        570  local audiolen:  512  ,ced:  45  
[2024/12/07 09:31:46 457] tts        599  0  udata(351477c8) 1  
[2024/12/07 09:31:46 459] tts        792  TTS_MSG_GETAUDIO  0  
[2024/12/07 09:31:46 459] tts        557  get audio|use local  
[2024/12/07 09:31:46 459] tts        570  local audiolen:  512  ,ced:  45  
[2024/12/07 09:31:46 459] tts        599  0  udata(35147818) 1  
[2024/12/07 09:31:46 459] tts        792  TTS_MSG_GETAUDIO  0  
[2024/12/07 09:31:46 459] tts        557  get audio|use local  
[2024/12/07 09:31:46 459] tts        570  local audiolen:  512  ,ced:  45  
[2024/12/07 09:31:46 459] tts        599  0  udata(351478b8) 1  
[2024/12/07 09:31:46 460] tts        792  TTS_MSG_GETAUDIO  0  
[2024/12/07 09:31:46 460] tts        557  get audio|use local  
[2024/12/07 09:31:46 460] tts        570  local audiolen:  512  ,ced:  45  
[2024/12/07 09:31:46 460] tts        599  0  udata(35147c78) 1  
[2024/12/07 09:31:46 460] tts        792  TTS_MSG_GETAUDIO  0  
[2024/12/07 09:31:46 460] tts        557  get audio|use local  
[2024/12/07 09:31:46 460] tts        570  local audiolen:  512  ,ced:  45  
[2024/12/07 09:31:46 460] tts        599  0  udata(35147908) 1  
[2024/12/07 09:31:46 460] tts        792  TTS_MSG_GETAUDIO  0  
[2024/12/07 09:31:46 460] tts        557  get audio|use local  
[2024/12/07 09:31:46 460] tts        570  local audiolen:  512  ,ced:  45  
[2024/12/07 09:31:46 460] tts        599  0  udata(351493e8) 1  
[2024/12/07 09:31:46 460] tts        792  TTS_MSG_GETAUDIO  0  
[2024/12/07 09:31:46 460] tts        557  get audio|use local  
[2024/12/07 09:31:46 460] tts        570  local audiolen:  512  ,ced:  45  
[2024/12/07 09:31:46 460] tts        599  0  udata(35149a28) 1  
[2024/12/07 09:31:46 461] tts        792  TTS_MSG_GETAUDIO  0  
[2024/12/07 09:31:46 461] tts        557  get audio|use local  
[2024/12/07 09:31:46 461] tts        570  local audiolen:  512  ,ced:  45  
[2024/12/07 09:31:46 461] tts        599  0  udata(35148c68) 1  
[2024/12/07 09:31:46 461] tts        792  TTS_MSG_GETAUDIO  0  
[2024/12/07 09:31:46 461] tts        557  get audio|use local  
[2024/12/07 09:31:46 461] tts        570  local audiolen:  512  ,ced:  45  
[2024/12/07 09:31:46 463] tts        599  0  udata(35149938) 1  
[2024/12/07 09:31:46 463] tts        792  TTS_MSG_GETAUDIO  0  
[2024/12/07 09:31:46 463] tts        557  get audio|use local  
[2024/12/07 09:31:46 463] tts        570  local audiolen:  512  ,ced:  45  
[2024/12/07 09:31:46 463] tts        599  0  udata(35149c58) 1  
[2024/12/07 09:31:46 463] tts        792  TTS_MSG_GETAUDIO  0  
[2024/12/07 09:31:46 463] tts        557  get audio|use local  
[2024/12/07 09:31:46 463] tts        570  local audiolen:  512  ,ced:  45  
[2024/12/07 09:31:46 463] tts        599  0  udata(351497f8) 1  
[2024/12/07 09:31:46 463] tts        792  TTS_MSG_GETAUDIO  0  
[2024/12/07 09:31:46 463] tts        557  get audio|use local  
[2024/12/07 09:31:46 463] tts        570  local audiolen:  512  ,ced:  45  
[2024/12/07 09:31:46 463] tts        599  0  udata(35149488) 1  
[2024/12/07 09:31:46 464] tts        792  TTS_MSG_GETAUDIO  0  
[2024/12/07 09:31:46 464] tts        557  get audio|use local  
[2024/12/07 09:31:46 464] tts        570  local audiolen:  512  ,ced:  45  
[2024/12/07 09:31:46 464] tts        599  0  udata(35148ee8) 1  
[2024/12/07 09:31:46 464] tts        792  TTS_MSG_GETAUDIO  0  
[2024/12/07 09:31:46 464] tts        557  get audio|use local  
[2024/12/07 09:31:46 464] tts        570  local audiolen:  512  ,ced:  45  
[2024/12/07 09:31:46 464] tts        599  0  udata(351492f8) 1  
[2024/12/07 09:31:46 466] tts        792  TTS_MSG_GETAUDIO  0  
[2024/12/07 09:31:46 466] tts        557  get audio|use local  
[2024/12/07 09:31:46 466] tts        570  local audiolen:  512  ,ced:  45  
[2024/12/07 09:31:46 466] tts        599  0  udata(35149668) 1  
[2024/12/07 09:31:46 466] tts        792  TTS_MSG_GETAUDIO  0  
[2024/12/07 09:31:46 466] tts        557  get audio|use local  
[2024/12/07 09:31:46 466] tts        570  local audiolen:  512  ,ced:  45  
[2024/12/07 09:31:46 466] tts        599  0  udata(35149348) 1  
[2024/12/07 09:31:46 467] tts        792  TTS_MSG_GETAUDIO  0  
[2024/12/07 09:31:46 467] tts        557  get audio|use local  
[2024/12/07 09:31:46 467] tts        570  local audiolen:  160  ,ced:  45  
[2024/12/07 09:31:46 467] tts        599  0  udata(35149708) 1  
[2024/12/07 09:31:46 467] tts        792  TTS_MSG_GETAUDIO  0  
[2024/12/07 09:31:46 467] tts        557  get audio|use local  
[2024/12/07 09:31:46 467] tts        570  local audiolen:  212  ,ced:  66  
[2024/12/07 09:31:46 467] tts        599  0  udata(35149cf8) 1  
[2024/12/07 09:31:46 467] tts        792  TTS_MSG_GETAUDIO  0  
[2024/12/07 09:31:46 467] tts        557  get audio|use local  
[2024/12/07 09:31:46 467] tts        570  local audiolen:  7492  ,ced:  66  
[2024/12/07 09:31:46 467] tts        599  0  udata(35148a38) 1  
[2024/12/07 09:31:46 467] tts        792  TTS_MSG_GETAUDIO  0  
[2024/12/07 09:31:46 467] tts        557  get audio|use local  
[2024/12/07 09:31:46 467] tts        570  local audiolen:  6442  ,ced:  66  
[2024/12/07 09:31:46 467] tts        599  0  udata(35149848) 1  
[2024/12/07 09:31:46 469] tts        792  TTS_MSG_GETAUDIO  0  
[2024/12/07 09:31:46 469] tts        557  get audio|use local  
[2024/12/07 09:31:46 469] tts        570  local audiolen:  6396  ,ced:  66  
[2024/12/07 09:31:46 469] tts        599  0  udata(35149578) 1  
[2024/12/07 09:31:46 469] tts        792  TTS_MSG_GETAUDIO  0  
[2024/12/07 09:31:46 470] tts        557  get audio|use local  
[2024/12/07 09:31:46 470] tts        570  local audiolen:  14226  ,ced:  66  
[2024/12/07 09:31:46 470] tts        599  0  udata(35149988) 1  
[2024/12/07 09:31:46 471] tts        792  TTS_MSG_GETAUDIO  0  
[2024/12/07 09:31:46 471] tts        557  get audio|use local  
[2024/12/07 09:31:46 471] tts        570  local audiolen:  3168  ,ced:  66  
[2024/12/07 09:31:46 471] tts        599  0  udata(351495c8) 1  
[2024/12/07 09:31:46 473] tts        792  TTS_MSG_GETAUDIO  0  
[2024/12/07 09:31:46 473] tts        557  get audio|use local  
[2024/12/07 09:31:46 473] tts        570  local audiolen:  5898  ,ced:  66  
[2024/12/07 09:31:46 473] tts        599  0  udata(35149de8) 1  
[2024/12/07 09:31:46 473] tts        792  TTS_MSG_GETAUDIO  0  
[2024/12/07 09:31:46 473] tts        557  get audio|use local  
[2024/12/07 09:31:46 473] tts        570  local audiolen:  6500  ,ced:  66  
[2024/12/07 09:31:46 473] tts        599  0  udata(3514a248) 1  
[2024/12/07 09:31:46 474] tts        792  TTS_MSG_GETAUDIO  0  
[2024/12/07 09:31:46 474] tts        557  get audio|use local  
[2024/12/07 09:31:46 474] tts        570  local audiolen:  5462  ,ced:  66  
[2024/12/07 09:31:46 474] tts        599  0  udata(35149ed8) 1  
[2024/12/07 09:31:46 476] tts        792  TTS_MSG_GETAUDIO  0  
[2024/12/07 09:31:46 476] tts        557  get audio|use local  
[2024/12/07 09:31:46 476] tts        570  local audiolen:  7270  ,ced:  66  
[2024/12/07 09:31:46 476] tts        599  0  udata(3514afb8) 1  
[2024/12/07 09:31:46 476] tts        792  TTS_MSG_GETAUDIO  0  
[2024/12/07 09:31:46 476] tts        557  get audio|use local  
[2024/12/07 09:31:46 476] tts        570  local audiolen:  6498  ,ced:  66  
[2024/12/07 09:31:46 476] tts        599  0  udata(3514a338) 1  
[2024/12/07 09:31:46 476] tts        792  TTS_MSG_GETAUDIO  0  
[2024/12/07 09:31:46 476] tts        557  get audio|use local  
[2024/12/07 09:31:46 476] tts        570  local audiolen:  7194  ,ced:  66  
[2024/12/07 09:31:46 476] tts        599  0  udata(3514a388) 1  
[2024/12/07 09:31:46 477] tts        792  TTS_MSG_GETAUDIO  0  
[2024/12/07 09:31:46 477] tts        557  get audio|use local  
[2024/12/07 09:31:46 477] tts        570  local audiolen:  9652  ,ced:  66  
[2024/12/07 09:31:46 477] tts        599  0  udata(3514af68) 2  
[2024/12/07 09:31:46 477] tts        795  TTS_MSG_SSE  
[2024/12/07 09:31:46 479] tts        693  sse|use local  
[2024/12/07 09:31:46 480] tts        711  tts exit  
