============================================================
Time  2024/12/07 09:31:29 984 
============================================================
[2024/12/07 09:31:29 984] lgi        684  SYS_MSG_LOAD  
[2024/12/07 09:31:29 986] lgi        706  SYS_MSG_REGCB  msp_status_cb  func(33932cc0) 
[2024/12/07 09:31:29 986] lgi        298  LGI_MSG_INIT  
[2024/12/07 09:31:29 986] lgi        305  lgi  lgi_  268436457  1552357598  
[2024/12/07 09:31:29 986] lgi        347  work_dir  .  
[2024/12/07 09:31:29 986] lgi        403  token:  nil  
[2024/12/07 09:31:29 986] lgi        476  msc cver : 5.0.42.1226  
[2024/12/07 09:31:29 986] lgi        519  ns_enable=  1  
[2024/12/07 09:31:29 986] lgi        531  prot_ver=1  
[2024/12/07 09:31:29 986] lgi        542  prot_type=tcp  
[2024/12/07 09:31:29 987] lgi        693  SYS_MSG_UNLOAD  go bg!  
[2024/12/07 09:31:30 164] lgi        697  SYS_MSG_SHUTDOWN  
============================================================
Time  2024/12/07 09:31:46 262 
============================================================
[2024/12/07 09:31:46 262] lgi        684  SYS_MSG_LOAD  
[2024/12/07 09:31:46 263] lgi        706  SYS_MSG_REGCB  msp_status_cb  func(35793940) 
[2024/12/07 09:31:46 263] lgi        298  LGI_MSG_INIT  
[2024/12/07 09:31:46 263] lgi        305  lgi  lgi_  268436457  1552357598  
[2024/12/07 09:31:46 263] lgi        347  work_dir  .  
[2024/12/07 09:31:46 263] lgi        403  token:  nil  
[2024/12/07 09:31:46 263] lgi        476  msc cver : 5.0.42.1226  
[2024/12/07 09:31:46 263] lgi        519  ns_enable=  1  
[2024/12/07 09:31:46 263] lgi        531  prot_ver=1  
[2024/12/07 09:31:46 263] lgi        542  prot_type=tcp  
[2024/12/07 09:31:46 263] lgi        693  SYS_MSG_UNLOAD  go bg!  
[2024/12/07 09:31:46 492] lgi        697  SYS_MSG_SHUTDOWN  
